"../../../Engine/Content/ArtTools/RenderToTexture/Enums/RenderToTexture_Enum.uasset" 0
"../../../Engine/Content/ArtTools/RenderToTexture/Enums/RenderToTexture_Flipbook_Enum.uasset" 1
"../../../Engine/Content/ArtTools/RenderToTexture/Enums/RenderToTexture_Imposter_Enum.uasset" 2
"../../../Engine/Content/EditorBlueprintResources/StandardMacros.uasset" 3
"../../../Engine/Content/ArtTools/RenderToTexture/Enums/EIntTypes.uasset" 4
"../../../Engine/Content/ArtTools/RenderToTexture/Macros/RenderToTextureFunctionLibrary.uasset" 5
"../../../Engine/Content/ArtTools/RenderToTexture/Enums/EFloatTypes.uasset" 6
"../../../Engine/Content/ArtTools/RenderToTexture/Macros/RenderToTextureMacros.uasset" 7
"../../../Engine/Content/Functions/Engine_MaterialFunctions01/Opacity/CameraDepthFade.uasset" 8
"../../../Engine/Content/EngineMaterials/T_Default_Material_Grid_M.uasset" 9
"../../../Engine/Content/EngineMaterials/T_Default_Material_Grid_N.uasset" 10
"../../../Engine/Content/EngineMaterials/WorldGridMaterial.uasset" 11
"../../../Engine/Content/ArtTools/RenderToTexture/Meshes/S_1_Unit_Plane.uasset" 12
"../../../Engine/Content/EngineMaterials/DefaultPhysicalMaterial.uasset" 13
"../../../Engine/Content/BufferVisualization/AmbientOcclusion.uasset" 14
"../../../Engine/Content/BufferVisualization/BaseColor.uasset" 15
"../../../Engine/Content/BufferVisualization/CustomDepth.uasset" 16
"../../../Engine/Content/Functions/Engine_MaterialFunctions02/Utility/VectorLength.uasset" 17
"../../../Engine/Content/BufferVisualization/CustomDepthWorldUnits.uasset" 18
"../../../Engine/Content/Functions/Engine_MaterialFunctions02/Utility/BreakOutFloat2Components.uasset" 19
"../../../Engine/Content/Functions/Engine_MaterialFunctions01/Texturing/ScaleUVsByCenter.uasset" 20
"../../../Engine/Content/Functions/Engine_MaterialFunctions02/ScreenResolution.uasset" 21
"../../../Engine/Content/Functions/Engine_MaterialFunctions02/Texturing/ScreenAlignedUVs.uasset" 22
"../../../Engine/Content/Functions/Engine_MaterialFunctions02/Utility/MakeFloat2.uasset" 23
"../../../Engine/Content/Functions/Engine_MaterialFunctions02/Utility/MakeFloat3.uasset" 24
"../../../Engine/Content/EngineMaterials/MiniFont.uasset" 25
"../../../Engine/Content/BufferVisualization/CustomStencil.uasset" 26
"../../../Engine/Content/BufferVisualization/FinalImage.uasset" 27
"../../../Engine/Content/BufferVisualization/LightingModel.uasset" 28
"../../../Engine/Content/BufferVisualization/MaterialAO.uasset" 29
"../../../Engine/Content/BufferVisualization/Metallic.uasset" 30
"../../../Engine/Content/BufferVisualization/Opacity.uasset" 31
"../../../Engine/Content/BufferVisualization/PostTonemapHDRColor.uasset" 32
"../../../Engine/Content/BufferVisualization/PreTonemapHDRColor.uasset" 33
"../../../Engine/Content/BufferVisualization/Roughness.uasset" 34
"../../../Engine/Content/BufferVisualization/SceneColor.uasset" 35
"../../../Engine/Content/BufferVisualization/SceneDepth.uasset" 36
"../../../Engine/Content/BufferVisualization/SceneDepthWorldUnits.uasset" 37
"../../../Engine/Content/BufferVisualization/SeparateTranslucencyA.uasset" 38
"../../../Engine/Content/BufferVisualization/SeparateTranslucencyRGB.uasset" 39
"../../../Engine/Content/BufferVisualization/Specular.uasset" 40
"../../../Engine/Content/BufferVisualization/SubsurfaceColor.uasset" 41
"../../../Engine/Content/BufferVisualization/WorldNormal.uasset" 42
"../../../Engine/Content/EditorBlueprintResources/ActorMacros.uasset" 43
"../../../Engine/Content/EditorLandscapeResources/DataLayer.uasset" 44
"../../../Engine/Content/EditorLandscapeResources/DefaultAlphaTexture.uasset" 45
"../../../Engine/Content/EditorLandscapeResources/LandscapeGizmoHeight_Mat.uasset" 46
"../../../Engine/Content/EditorLandscapeResources/LandscapeGizmo_Mat.uasset" 47
"../../../Engine/Content/EditorLandscapeResources/LandscapeGizmo_Mat_Copied.uasset" 48
"../../../Engine/Content/EditorLandscapeResources/SplineEditorMeshMat.uasset" 49
"../../../Engine/Content/EditorLandscapeResources/SplineEditorMesh.uasset" 50
"../../../Engine/Content/EditorMaterials/Cross.uasset" 51
"../../../Engine/Content/EditorMaterials/Cross_Mat.uasset" 52
"../../../Engine/Content/EditorMaterials/GizmoMaterial.uasset" 53
"../../../Engine/Content/Functions/Engine_MaterialFunctions02/Utility/Sign.uasset" 54
"../../../Engine/Content/Functions/Engine_MaterialFunctions02/Utility/Round.uasset" 55
"../../../Engine/Content/Functions/Engine_MaterialFunctions02/ExampleContent/Textures/flipbook.uasset" 56
"../../../Engine/Content/Functions/Engine_MaterialFunctions02/Texturing/FlipBook.uasset" 57
"../../../Engine/Content/EditorResources/T_EditorHelp.uasset" 58
"../../../Engine/Content/EditorMaterials/HelpActorMaterial.uasset" 59
"../../../Engine/Content/EditorMaterials/CompositeARGBLayer.uasset" 60
"../../../Engine/Content/EditorMaterials/TilingAALineIntegral.uasset" 61
"../../../Engine/Content/EditorMaterials/TilingAALineBoxFiltered.uasset" 62
"../../../Engine/Content/Functions/Engine_MaterialFunctions03/Procedurals/ComputeFilterWidth.uasset" 63
"../../../Engine/Content/EditorMaterials/TilingAADots.uasset" 64
"../../../Engine/Content/EditorMaterials/Cascade/CASC_Cross.uasset" 65
"../../../Engine/Content/EditorMaterials/Cascade/CASC_None.uasset" 66
"../../../Engine/Content/Functions/Engine_MaterialFunctions03/Blends/Blend_Screen.uasset" 67
"../../../Engine/Content/EditorMaterials/TilingAAGrid.uasset" 68
"../../../Engine/Content/EditorMaterials/LevelGridMaterial.uasset" 69
"../../../Engine/Content/EditorMaterials/MakeCompositeARGBLayer.uasset" 70
"../../../Engine/Content/EditorResources/LevelGrid1DStripes.uasset" 71
"../../../Engine/Content/EditorMaterials/TextureGridCascaded1D.uasset" 72
"../../../Engine/Content/EditorMaterials/TextureGridCascaded2D.uasset" 73
"../../../Engine/Content/EditorMaterials/LevelGridMaterial2.uasset" 74
"../../../Engine/Content/EditorMaterials/MAT_Groups_Toggle.uasset" 75
"../../../Engine/Content/EditorMaterials/MAT_Groups_Visibility.uasset" 76
"../../../Engine/Content/EditorMaterials/AntialiasedGridFloor.uasset" 77
"../../../Engine/Content/EditorResources/TilePatine_D.uasset" 78
"../../../Engine/Content/EditorResources/TilePatine_N.uasset" 79
"../../../Engine/Content/EngineMaterials/Grid.uasset" 80
"../../../Engine/Content/EditorMaterials/PersonaFloorMat.uasset" 81
"../../../Engine/Content/EditorMaterials/PhAT_BoneSelectedMaterial.uasset" 82
"../../../Engine/Content/EditorMaterials/PhAT_ElemSelectedMaterial.uasset" 83
"../../../Engine/Content/EditorMaterials/PhAT_NoCollisionMaterial.uasset" 84
"../../../Engine/Content/EditorMaterials/PhAT_UnselectedMaterial.uasset" 85
"../../../Engine/Content/EditorMaterials/PreviewShadowIndicator.uasset" 86
"../../../Engine/Content/EditorMaterials/PreviewShadowIndicatorMaterial.uasset" 87
"../../../Engine/Content/EditorMaterials/TargetIcon.uasset" 88
"../../../Engine/Content/EditorMaterials/Tick.uasset" 89
"../../../Engine/Content/EditorMaterials/Tick_Mat.uasset" 90
"../../../Engine/Content/EditorMaterials/WidgetGridVertexColorMaterial.uasset" 91
"../../../Engine/Content/EditorMaterials/WidgetGridVertexColorMaterial_Ma.uasset" 92
"../../../Engine/Content/EditorMaterials/WidgetMaterial.uasset" 93
"../../../Engine/Content/EditorMaterials/WidgetMaterial_Current.uasset" 94
"../../../Engine/Content/EditorMaterials/WidgetMaterial_X.uasset" 95
"../../../Engine/Content/EditorMaterials/WidgetMaterial_Y.uasset" 96
"../../../Engine/Content/EditorMaterials/WidgetMaterial_Z.uasset" 97
"../../../Engine/Content/EditorMaterials/WidgetVertexColorMaterial.uasset" 98
"../../../Engine/Content/EditorMaterials/AssetViewer/EpicQuadPanorama_CC+EV1.uasset" 99
"../../../Engine/Content/MapTemplates/Sky/SunsetAmbientCubemap.uasset" 100
"../../../Engine/Content/EditorMaterials/AssetViewer/M_SkyBox.uasset" 101
"../../../Engine/Content/EditorMaterials/MatineeGroups/MAT_ColorTrack.uasset" 102
"../../../Engine/Content/EditorMaterials/MatineeGroups/MAT_Groups_Anim.uasset" 103
"../../../Engine/Content/EditorMaterials/MatineeGroups/MAT_Groups_AudioMaster.uasset" 104
"../../../Engine/Content/EditorMaterials/MatineeGroups/MAT_Groups_Director.uasset" 105
"../../../Engine/Content/EditorMaterials/MatineeGroups/MAT_Groups_Event.uasset" 106
"../../../Engine/Content/EditorMaterials/MatineeGroups/MAT_Groups_Fade.uasset" 107
"../../../Engine/Content/EditorMaterials/MatineeGroups/MAT_Groups_Float.uasset" 108
"../../../Engine/Content/EditorMaterials/MatineeGroups/MAT_Groups_Move.uasset" 109
"../../../Engine/Content/EditorMaterials/MatineeGroups/MAT_Groups_Slomo.uasset" 110
"../../../Engine/Content/EditorMaterials/MatineeGroups/MAT_Groups_Sound.uasset" 111
"../../../Engine/Content/EditorMaterials/MatineeGroups/MAT_Groups_Vector.uasset" 112
"../../../Engine/Content/EditorMaterials/ParticleSystems/PSysThumbnail_NoImage.uasset" 113
"../../../Engine/Content/EditorMaterials/ParticleSystems/PSysThumbnail_OOD.uasset" 114
"../../../Engine/Content/EditorMaterials/Thumbnails/FloorPlaneMaterial.uasset" 115
"../../../Engine/Content/EditorMeshes/EditorCube.uasset" 116
"../../../Engine/Content/EditorMeshes/EditorCylinder.uasset" 117
"../../../Engine/Content/EditorMeshes/EditorPlane.uasset" 118
"../../../Engine/Content/EditorMaterials/Thumbnails/SkySphereMaterial.uasset" 119
"../../../Engine/Content/EditorMeshes/EditorSkySphere.uasset" 120
"../../../Engine/Content/EditorMeshes/EditorSphere.uasset" 121
"../../../Engine/Content/EditorResources/MatineeCam_D.uasset" 122
"../../../Engine/Content/EditorMaterials/MatineeCam_mat.uasset" 123
"../../../Engine/Content/EditorMeshes/MatineeCam_SM.uasset" 124
"../../../Engine/Content/Functions/Engine_MaterialFunctions01/Shading/ConvertFromDiffSpec.uasset" 125
"../../../Engine/Content/EditorMaterials/GridMaterial.uasset" 126
"../../../Engine/Content/EditorMeshes/PhAT_FloorBox.uasset" 127
"../../../Engine/Content/EditorMeshes/AssetViewer/Floor_Mesh.uasset" 128
"../../../Engine/Content/EditorMeshes/AssetViewer/Sphere_inversenormals.uasset" 129
"../../../Engine/Content/EditorMaterials/Camera/CineMat.uasset" 130
"../../../Engine/Content/EditorMaterials/Camera/MI_CineMat_CameraBody.uasset" 131
"../../../Engine/Content/EngineDebugMaterials/M_SimpleOpaque.uasset" 132
"../../../Engine/Content/EditorMaterials/Camera/MI_CineMat_CamViewFinder.uasset" 133
"../../../Engine/Content/EditorMeshes/Camera/SM_CineCam.uasset" 134
"../../../Engine/Content/EditorMaterials/Camera/MI_CineMat_Rig.uasset" 135
"../../../Engine/Content/EditorMeshes/Camera/SM_CraneRig_Arm.uasset" 136
"../../../Engine/Content/EditorMeshes/Camera/SM_CraneRig_Base.uasset" 137
"../../../Engine/Content/EditorMeshes/Camera/SM_CraneRig_Body.uasset" 138
"../../../Engine/Content/EditorMeshes/Camera/SM_CraneRig_Mount.uasset" 139
"../../../Engine/Content/EditorMeshes/Camera/SM_RailRig_Mount.uasset" 140
"../../../Engine/Content/EditorMeshes/Camera/SM_RailRig_Track.uasset" 141
"../../../Engine/Content/EditorMeshes/ColorCalibrator/M_ChromeBall.uasset" 142
"../../../Engine/Content/EditorMeshes/ColorCalibrator/M_ClearCoat.uasset" 143
"../../../Engine/Content/EditorMeshes/ColorCalibrator/M_ClearCoatBlack.uasset" 144
"../../../Engine/Content/EditorMeshes/ColorCalibrator/Color_checker.uasset" 145
"../../../Engine/Content/EditorMeshes/ColorCalibrator/M_ColorGrid.uasset" 146
"../../../Engine/Content/EditorMeshes/ColorCalibrator/M_GreyBall.uasset" 147
"../../../Engine/Content/EditorMeshes/ColorCalibrator/SM_ColorCalibrator.uasset" 148
"../../../Engine/Content/EditorResources/Bad.uasset" 149
"../../../Engine/Content/EditorResources/BSPVertex.uasset" 150
"../../../Engine/Content/EditorResources/EmptyActor.uasset" 151
"../../../Engine/Content/EditorResources/MatInstActSprite.uasset" 152
"../../../Engine/Content/EditorResources/SceneManager.uasset" 153
"../../../Engine/Content/EditorResources/SmallFont.uasset" 154
"../../../Engine/Content/EditorResources/S_Actor.uasset" 155
"../../../Engine/Content/EditorResources/S_DecalActorIcon.uasset" 156
"../../../Engine/Content/EditorResources/S_Emitter.uasset" 157
"../../../Engine/Content/EditorResources/S_ExpoHeightFog.uasset" 158
"../../../Engine/Content/EditorResources/S_FTest.uasset" 159
"../../../Engine/Content/EditorResources/S_KBSJoint.uasset" 160
"../../../Engine/Content/EditorResources/S_KHinge.uasset" 161
"../../../Engine/Content/EditorResources/S_KPrismatic.uasset" 162
"../../../Engine/Content/EditorResources/S_LevelSequence.uasset" 163
"../../../Engine/Content/EditorResources/S_NavP.uasset" 164
"../../../Engine/Content/EditorResources/S_Note.uasset" 165
"../../../Engine/Content/EditorResources/S_Player.uasset" 166
"../../../Engine/Content/EditorResources/S_PortalActorIcon2.uasset" 167
"../../../Engine/Content/EditorResources/S_RadForce.uasset" 168
"../../../Engine/Content/EditorResources/S_ReflActorIcon.uasset" 169
"../../../Engine/Content/EditorResources/S_Terrain.uasset" 170
"../../../Engine/Content/EditorResources/S_TextRenderActorIcon.uasset" 171
"../../../Engine/Content/EditorResources/S_Thruster.uasset" 172
"../../../Engine/Content/EditorResources/S_Trigger.uasset" 173
"../../../Engine/Content/EditorResources/S_VectorFieldVol.uasset" 174
"../../../Engine/Content/EditorResources/S_WindDirectional.uasset" 175
"../../../Engine/Content/EditorResources/AI/S_NavLink.uasset" 176
"../../../Engine/Content/EditorResources/AudioIcons/S_AudioComponent_AutoActivate.uasset" 177
"../../../Engine/Content/EditorResources/LightIcons/SkyLight.uasset" 178
"../../../Engine/Content/EditorResources/LightIcons/S_LightDirectional.uasset" 179
"../../../Engine/Content/EditorResources/LightIcons/S_LightDirectionalMove.uasset" 180
"../../../Engine/Content/EditorResources/LightIcons/S_LightError.uasset" 181
"../../../Engine/Content/EditorResources/LightIcons/S_LightPoint.uasset" 182
"../../../Engine/Content/EditorResources/LightIcons/S_LightPointMove.uasset" 183
"../../../Engine/Content/EditorResources/LightIcons/S_LightSpot.uasset" 184
"../../../Engine/Content/EditorResources/LightIcons/S_LightSpotMove.uasset" 185
"../../../Engine/Content/EditorResources/SequenceRecorder/Countdown.uasset" 186
"../../../Engine/Content/EditorResources/SequenceRecorder/RecordingIndicator.uasset" 187
"../../../Engine/Content/EditorResources/Spline/T_Loft_Spline.uasset" 188
"../../../Engine/Content/EditorSounds/Notifications/CompileFailed.uasset" 189
"../../../Engine/Content/EditorSounds/Notifications/CompileFailed_Cue.uasset" 190
"../../../Engine/Content/EditorSounds/Notifications/CompileSuccess.uasset" 191
"../../../Engine/Content/EditorSounds/Notifications/CompileStart_Cue.uasset" 192
"../../../Engine/Content/EditorSounds/Notifications/CompileSuccess_Cue.uasset" 193
"../../../Engine/Content/EngineDamageTypes/DmgTypeBP_Environmental.uasset" 194
"../../../Engine/Content/EngineDebugMaterials/HeatmapGradient.uasset" 195
"../../../Engine/Content/EngineDebugMaterials/BoneWeightMaterial.uasset" 196
"../../../Engine/Content/EngineDebugMaterials/ClothMaterial.uasset" 197
"../../../Engine/Content/EngineDebugMaterials/ClothMaterial_WF.uasset" 198
"../../../Engine/Content/EngineDebugMaterials/DebugEditorMaterial.uasset" 199
"../../../Engine/Content/EngineDebugMaterials/DebugMeshMaterial.uasset" 200
"../../../Engine/Content/EngineDebugMaterials/GeomMaterial.uasset" 201
"../../../Engine/Content/EngineDebugMaterials/LevelColorationLitMaterial.uasset" 202
"../../../Engine/Content/EngineDebugMaterials/LevelColorationUnlitMaterial.uasset" 203
"../../../Engine/Content/EngineMaterials/DefaultWhiteGrid.uasset" 204
"../../../Engine/Content/EngineDebugMaterials/MAT_LevelColorationLitLightmapUV.uasset" 205
"../../../Engine/Content/EngineDebugMaterials/M_SimpleTranslucent.uasset" 206
"../../../Engine/Content/EngineDebugMaterials/ShadedLevelColorationLitMaterial.uasset" 207
"../../../Engine/Content/EngineDebugMaterials/ShadedLevelColorationUnlitMateri.uasset" 208
"../../../Engine/Content/EngineDebugMaterials/VertexColorMaterial.uasset" 209
"../../../Engine/Content/EngineDebugMaterials/VertexColorViewMode_AlphaAsColor.uasset" 210
"../../../Engine/Content/EngineDebugMaterials/VertexColorViewMode_BlueOnly.uasset" 211
"../../../Engine/Content/EngineDebugMaterials/VertexColorViewMode_ColorOnly.uasset" 212
"../../../Engine/Content/EngineDebugMaterials/VertexColorViewMode_GreenOnly.uasset" 213
"../../../Engine/Content/EngineDebugMaterials/VertexColorViewMode_RedOnly.uasset" 214
"../../../Engine/Content/EngineDebugMaterials/WireframeMaterial.uasset" 215
"../../../Engine/Content/EngineFonts/Faces/RobotoBold.uasset" 216
"../../../Engine/Content/EngineFonts/Faces/RobotoBoldItalic.uasset" 217
"../../../Engine/Content/EngineFonts/Faces/RobotoItalic.uasset" 218
"../../../Engine/Content/EngineFonts/Faces/RobotoLight.uasset" 219
"../../../Engine/Content/EngineFonts/Faces/RobotoRegular.uasset" 220
"../../../Engine/Content/EngineFonts/Roboto.uasset" 221
"../../../Engine/Content/EngineFonts/Faces/RobotoTiny.uasset" 222
"../../../Engine/Content/EngineFonts/RobotoTiny.uasset" 223
"../../../Engine/Content/EngineFonts/SmallFont.uasset" 224
"../../../Engine/Content/EngineFonts/TinyFont.uasset" 225
"../../../Engine/Content/EngineResources/WhiteSquareTexture.uasset" 226
"../../../Engine/Content/EngineMaterials/BlinkingCaret.uasset" 227
"../../../Engine/Content/EngineMaterials/DefaultBloomKernel.uasset" 228
"../../../Engine/Content/EngineMaterials/DefaultBokeh.uasset" 229
"../../../Engine/Content/EngineMaterials/DefaultDiffuse.uasset" 230
"../../../Engine/Content/EngineMaterials/DefaultDeferredDecalMaterial.uasset" 231
"../../../Engine/Content/EngineMaterials/DefaultLightFunctionMaterial.uasset" 232
"../../../Engine/Content/EngineMaterials/DefaultNormal.uasset" 233
"../../../Engine/Content/EngineMaterials/DefaultPostProcessMaterial.uasset" 234
"../../../Engine/Content/EngineFonts/RobotoDistanceField.uasset" 235
"../../../Engine/Content/EngineMaterials/DefaultTextMaterialOpaque.uasset" 236
"../../../Engine/Content/EngineMaterials/EditorBrushMaterial.uasset" 237
"../../../Engine/Content/EngineMaterials/Good64x64TilingNoiseHighFreq.uasset" 238
"../../../Engine/Content/EngineMaterials/Grid_N.uasset" 239
"../../../Engine/Content/EngineMaterials/HighResolutionScreenshotMaskFunction.uasset" 240
"../../../Engine/Content/EngineMaterials/HighResScreenshot.uasset" 241
"../../../Engine/Content/EngineMaterials/HighResScreenshotCaptureRegion.uasset" 242
"../../../Engine/Content/EngineMaterials/HighResScreenshotMask.uasset" 243
"../../../Engine/Content/EngineMaterials/LandscapeHolePhysicalMaterial.uasset" 244
"../../../Engine/Content/EngineMaterials/InvalidLightmapSettings.uasset" 245
"../../../Engine/Content/EngineMaterials/M_InvalidLightmapSettings.uasset" 246
"../../../Engine/Content/EngineMaterials/PaperDiffuse.uasset" 247
"../../../Engine/Content/EngineMaterials/PaperNormal.uasset" 248
"../../../Engine/Content/Functions/Engine_MaterialFunctions02/WorldPositionOffset/CameraOffset.uasset" 249
"../../../Engine/Content/EngineMaterials/PhAT_JointLimitMaterial.uasset" 250
"../../../Engine/Content/EngineMaterials/PhysMat_Rubber.uasset" 251
"../../../Engine/Content/EngineMaterials/PreintegratedSkinBRDF.uasset" 252
"../../../Engine/Content/EngineMaterials/RemoveSurfaceMaterial.uasset" 253
"../../../Engine/Content/EngineMaterials/WeightMapPlaceholderTexture.uasset" 254
"../../../Engine/Content/EngineMaterials/Widget3DPassThrough.uasset" 255
"../../../Engine/Content/EngineMaterials/Widget3DPassThrough_Masked.uasset" 256
"../../../Engine/Content/EngineMaterials/Widget3DPassThrough_Opaque.uasset" 257
"../../../Engine/Content/EngineMaterials/Widget3DPassThrough_Masked_OneSided.uasset" 258
"../../../Engine/Content/EngineMaterials/Widget3DPassThrough_Opaque_OneSided.uasset" 259
"../../../Engine/Content/EngineMaterials/Widget3DPassThrough_Translucent.uasset" 260
"../../../Engine/Content/EngineMaterials/Widget3DPassThrough_Translucent_OneSided.uasset" 261
"../../../Engine/Content/EngineMaterials/DefaultMaterial.uasset" 262
"../../../Engine/Content/EngineMeshes/Cube.uasset" 263
"../../../Engine/Content/EngineMeshes/Cylinder.uasset" 264
"../../../Engine/Content/EngineMeshes/Sphere.uasset" 265
"../../../Engine/Content/EngineResources/Black.uasset" 266
"../../../Engine/Content/EngineResources/DefaultTexture.uasset" 267
"../../../Engine/Content/EngineResources/DefaultTextureCube.uasset" 268
"../../../Engine/Content/EngineResources/GradientTexture0.uasset" 269
"../../../Engine/Content/EngineResources/StreamingPauseIcon.uasset" 270
"../../../Engine/Content/EngineResources/M_StreamingPause.uasset" 271
"../../../Engine/Content/EngineSounds/Master.uasset" 272
"../../../Engine/Content/Functions/Engine_MaterialFunctions01/Shading/PowerToRoughness.uasset" 273
"../../../Engine/Content/Maps/Templates/Thumbnails/Default.uasset" 274
"../../../Engine/Content/Maps/Templates/Thumbnails/VR-Basic.uasset" 275
"../../../Engine/Content/MapTemplates/Sky/DaylightAmbientCubemap.uasset" 276
"../../../Engine/Content/MobileResources/T_MobileControls_texture.uasset" 277
"../../../Engine/Content/MobileResources/T_MobileMenu2.uasset" 278
"../../../Engine/Content/MobileResources/HUD/AnalogHat.uasset" 279
"../../../Engine/Content/MobileResources/HUD/VirtualJoystick_Background.uasset" 280
"../../../Engine/Content/MobileResources/HUD/VirtualJoystick_Thumb.uasset" 281
"../../../Engine/Content/MobileResources/HUD/DefaultVirtualJoysticks.uasset" 282
"../../../Engine/Content/MobileResources/HUD/LeftVirtualJoystickOnly.uasset" 283
"../../../Engine/Content/MobileResources/HUD/MobileHUDButton1_off.uasset" 284
"../../../Engine/Content/MobileResources/HUD/MobileHUDButton1_on.uasset" 285
"../../../Engine/Content/MobileResources/HUD/MobileHUDButton2_off.uasset" 286
"../../../Engine/Content/MobileResources/HUD/MobileHUDButton2_on.uasset" 287
"../../../Engine/Content/MobileResources/HUD/MobileHUDButton3.uasset" 288
"../../../Engine/Content/MobileResources/HUD/MobileHUDButtonFire.uasset" 289
"../../../Engine/Content/MobileResources/HUD/MobileHUDDirectionPad.uasset" 290
"../../../Engine/Content/MobileResources/HUD/MobileHUDDirectionPad2.uasset" 291
"../../../Engine/Content/MobileResources/HUD/MobileHUDDirectionPad3.uasset" 292
"../../../Engine/Content/MobileResources/HUD/MobileHUDDirectionStick.uasset" 293
"../../../Engine/Content/MobileResources/HUD/T_Castle_ThumbstickInner.uasset" 294
"../../../Engine/Content/MobileResources/HUD/T_Castle_ThumbstickOutter.uasset" 295
"../../../Engine/Content/Tutorial/ContentIntroCurve.uasset" 296
"../../../Engine/Content/Tutorial/Basics/TutorialAssets/icon_tab_Levels_40x.uasset" 297
"../../../Engine/Content/Tutorial/BlueprintTutorials/TutorialAssets/BlueprintInterface_64x.uasset" 298
"../../../Engine/Content/Tutorial/BlueprintTutorials/TutorialAssets/BlueprintMacroLibrary_64x.uasset" 299
"../../../Engine/Content/Tutorial/BlueprintTutorials/TutorialAssets/Blueprint_64x.uasset" 300
"../../../Engine/Content/Tutorial/BlueprintTutorials/TutorialAssets/Tutorial_BP_Interface.uasset" 301
"../../../Engine/Content/Tutorial/Foliage/TutorialAssets/Foliage.uasset" 302
"../../../Engine/Content/Tutorial/Landscape/TutorialAssets/Landscape.uasset" 303
"../../../Engine/Content/Tutorial/Paper2D/TutorialAssets/Paper2DFlipbook_TutorialIcon.uasset" 304
"../../../Engine/Content/Tutorial/Paper2D/TutorialAssets/Paper2DSprite_TutorialIcon.uasset" 305
"../../../Engine/Content/Tutorial/SubEditors/TutorialAssets/icon_Editor_Preferences_General_40x.uasset" 306
"../../../Engine/Content/Tutorial/SubEditors/TutorialAssets/icon_ShowSkeletalMeshes_40x.uasset" 307
"../../../Engine/Content/Tutorial/SubEditors/TutorialAssets/TutorialMaterial.uasset" 308
"../../../Engine/Content/Tutorial/SubEditors/TutorialAssets/T_SmokeSubUV_8X8.uasset" 309
"../../../Engine/Content/Tutorial/SubEditors/TutorialAssets/T_soft_smoke.uasset" 310
"../../../Engine/Content/Tutorial/SubEditors/TutorialAssets/M_smoke_subUV_blackbody.uasset" 311
"../../../Engine/Content/Tutorial/SubEditors/TutorialAssets/TutorialParticleSystem.uasset" 312
"../../../Engine/Content/VREditor/Devices/Generic/GenericHMDMaterial.uasset" 313
"../../../Engine/Content/VREditor/Devices/Generic/GenericHMD.uasset" 314
"../../../Engine/Content/VREditor/FloatingText/LineMaterial.uasset" 315
"../../../Engine/Content/VREditor/FloatingText/JointSphere.uasset" 316
"../../../Engine/Content/VREditor/FloatingText/LineSegmentCylinder.uasset" 317
"../../../Engine/Content/VREditor/Fonts/VRText_RobotoLarge.uasset" 318
"../../../Engine/Content/VREditor/Fonts/VRTextMaterial.uasset" 319
"../../../Engine/Content/VREditor/Fonts/TranslucentVRTextMaterial.uasset" 320
"../../../Engine/Content/VREditor/LaserPointer/CursorPointer.uasset" 321
"../../../Engine/Content/VREditor/LaserPointer/VR_LaserPower_01.uasset" 322
"../../../Engine/Content/VREditor/TransformGizmo/TransformGizmoMaterial.uasset" 323
"../../../Engine/Content/VREditor/LaserPointer/HoverMaterial.uasset" 324
"../../../Engine/Content/VREditor/TransformGizmo/TranslucentTransformGizmoMaterial.uasset" 325
"../../../Engine/Content/VREditor/LaserPointer/TranslucentHoverMaterial.uasset" 326
"../../../Engine/Content/VREditor/LaserPointer/HoverMesh.uasset" 327
"../../../Engine/Content/VREditor/LaserPointer/LaserPointerMaterial.uasset" 328
"../../../Engine/Content/VREditor/LaserPointer/LaserPointerMaterialInst.uasset" 329
"../../../Engine/Content/VREditor/LaserPointer/TranslucentLaserPointerMaterialInst.uasset" 330
"../../../Engine/Content/VREditor/LaserPointer/LaserPointerMesh.uasset" 331
"../../../Engine/Content/VREditor/LaserPointer/LaserPointerMesh_End.uasset" 332
"../../../Engine/Content/VREditor/LaserPointer/LaserPointerMesh_Start.uasset" 333
"../../../Engine/Content/Functions/Engine_MaterialFunctions02/Utility/BreakOutFloat3Components.uasset" 334
"../../../Engine/Content/Functions/Engine_MaterialFunctions02/Math/Transform3x3Matrix.uasset" 335
"../../../Engine/Content/Functions/Engine_MaterialFunctions02/SplitComponents.uasset" 336
"../../../Engine/Content/VREditor/SnapGrid/SnapGridMaterial.uasset" 337
"../../../Engine/Content/VREditor/SnapGrid/SnapGridPlaneMesh.uasset" 338
"../../../Engine/Content/VREditor/Sounds/VR_teleport.uasset" 339
"../../../Engine/Content/VREditor/Sounds/UI/Click_on_Button_Cue.uasset" 340
"../../../Engine/Content/VREditor/Sounds/UI/Dockable_Window_Close.uasset" 341
"../../../Engine/Content/VREditor/Sounds/UI/Dockable_Window_Drop.uasset" 342
"../../../Engine/Content/VREditor/Sounds/UI/Dockable_Window_Open.uasset" 343
"../../../Engine/Content/VREditor/Sounds/UI/Dockable_Window_Pick_Up.uasset" 344
"../../../Engine/Content/VREditor/Sounds/UI/Drop_Item_From_ContentBrowser.uasset" 345
"../../../Engine/Content/VREditor/Sounds/UI/Floating_UI_Open-001.uasset" 346
"../../../Engine/Content/VREditor/Sounds/UI/Gizmo_Handle_Clicked.uasset" 347
"../../../Engine/Content/VREditor/Sounds/UI/Object_PickUp.uasset" 348
"../../../Engine/Content/VREditor/Sounds/UI/Object_Snaps_To_Another_Actor.uasset" 349
"../../../Engine/Content/VREditor/Sounds/UI/Object_Snaps_To_Grid.uasset" 350
"../../../Engine/Content/VREditor/Sounds/UI/Radial_Menu_FadeOut.uasset" 351
"../../../Engine/Content/VREditor/Sounds/UI/Scaling_Down.uasset" 352
"../../../Engine/Content/VREditor/Sounds/UI/Scaling_Up.uasset" 353
"../../../Engine/Content/VREditor/Sounds/UI/Selection_Changes.uasset" 354
"../../../Engine/Content/VREditor/Sounds/UI/Teleport_Mode_Entered.uasset" 355
"../../../Engine/Content/VREditor/Teleport/TeleportDirectionMaterial.uasset" 356
"../../../Engine/Content/VREditor/Teleport/TeleportDirectionMaterial_Inst.uasset" 357
"../../../Engine/Content/VREditor/Teleport/TeleportDirectionMesh.uasset" 358
"../../../Engine/Content/VREditor/TransformGizmo/BoundingBoxCorner.uasset" 359
"../../../Engine/Content/VREditor/TransformGizmo/BoundingBoxEdge.uasset" 360
"../../../Engine/Content/VREditor/TransformGizmo/PlaneTranslationHandle.uasset" 361
"../../../Engine/Content/VREditor/TransformGizmo/RotationHandleFull.uasset" 362
"../../../Engine/Content/VREditor/TransformGizmo/RotationHandleIndicator.uasset" 363
"../../../Engine/Content/VREditor/TransformGizmo/RotationHandleQuarter.uasset" 364
"../../../Engine/Content/VREditor/TransformGizmo/Main.uasset" 365
"../../../Engine/Content/VREditor/TransformGizmo/Xray.uasset" 366
"../../../Engine/Content/VREditor/TransformGizmo/SM_Dialog_Close.uasset" 367
"../../../Engine/Content/VREditor/TransformGizmo/SM_Dialog_Move.uasset" 368
"../../../Engine/Content/VREditor/TransformGizmo/SM_Sequencer_Key.uasset" 369
"../../../Engine/Content/VREditor/TransformGizmo/SM_Sequencer_Node.uasset" 370
"../../../Engine/Content/VREditor/TransformGizmo/StartRotationHandleIndicator.uasset" 371
"../../../Engine/Content/VREditor/TransformGizmo/TranslucentTransformGizmoMaterial_Inst.uasset" 372
"../../../Engine/Content/VREditor/TransformGizmo/TransformGizmoFreeRotation.uasset" 373
"../../../Engine/Content/VREditor/TransformGizmo/TransformGizmoMaterial_Inst.uasset" 374
"../../../Engine/Content/VREditor/TransformGizmo/TranslateArrowHandle.uasset" 375
"../../../Engine/Content/VREditor/TransformGizmo/UniformScaleHandle.uasset" 376
"../../../Engine/Content/VREditor/UI/KeyDiskMaterial.uasset" 377
"../../../Engine/Content/VREditor/UI/DiscMaterial.uasset" 378
"../../../Engine/Content/VREditor/UI/SM_Radial_Disk.uasset" 379
"../../../Engine/Content/Functions/Engine_MaterialFunctions01/Gradient/RadialGradient.uasset" 380
"../../../Engine/Content/VREditor/WorldMovementGrid/SimpleGrid.uasset" 381
"../../../Engine/Content/VREditor/WorldMovementGrid/GridMaterial.uasset" 382
"../../../Engine/Content/Functions/Engine_MaterialFunctions01/Density/ExponentialDensity.uasset" 383
"../../../Engine/Content/VREditor/WorldMovementGrid/GridPostProcess.uasset" 384
"../../../Engine/Content/EditorLandscapeResources/FlattenHeightMat.uasset" 385
"../../../Engine/Content/VREditor/WorldMovementGrid/PlaneMesh.uasset" 386
"../../../FinalProject/Content/Maps/dog.uasset" 387
"../../../FinalProject/Content/FirstPersonBP/Blueprints/phoneText2.uasset" 388
"../../../Engine/Plugins/2D/Paper2D/Content/PlaceholderTextures/DummySpriteTexture.uasset" 389
"../../../Engine/Plugins/2D/Paper2D/Content/DummySprite.uasset" 390
"../../../Engine/Plugins/2D/Paper2D/Content/DefaultPaperTerrainMaterial.uasset" 391
"../../../Engine/Plugins/2D/Paper2D/Content/DefaultSpriteMaterial.uasset" 392
"../../../Engine/Plugins/2D/Paper2D/Content/MaskedUnlitSpriteMaterial.uasset" 393
"../../../Engine/Plugins/2D/Paper2D/Content/OpaqueUnlitSpriteMaterial.uasset" 394
"../../../Engine/Plugins/Media/MediaCompositing/Content/DefaultMediaPlaneMaterial.uasset" 395
"../../../Engine/Content/Functions/Engine_MaterialFunctions02/Utility/MakeFloat4.uasset" 396
"../../../Engine/Plugins/Runtime/AppleARKit/Content/ARKitCameraMaterial.uasset" 397
"../../../Engine/Plugins/Runtime/Oculus/OculusVR/Content/Textures/GearVRController_AO.uasset" 398
"../../../Engine/Plugins/Runtime/Oculus/OculusVR/Content/Textures/GearVRController_Color.uasset" 399
"../../../Engine/Plugins/Runtime/Oculus/OculusVR/Content/Textures/GearVRController_Normal.uasset" 400
"../../../Engine/Plugins/Runtime/Oculus/OculusVR/Content/Materials/GearVRControllerMaterial.uasset" 401
"../../../Engine/Plugins/Runtime/Oculus/OculusVR/Content/Meshes/GearVrController.uasset" 402
"../../../Engine/Content/Maps/Entry.umap" 403
"../../../FinalProject/Content/FirstPersonBP/Blueprints/cakeInterface.uasset" 404
"../../../FinalProject/Content/FirstPersonBP/Blueprints/cameraShake1.uasset" 405
"../../../FinalProject/Content/FirstPersonBP/Blueprints/changeScenesInterface.uasset" 406
"../../../FinalProject/Content/FirstPersonBP/Blueprints/cameraSwitch.uasset" 407
"../../../FinalProject/Content/FirstPersonBP/Blueprints/phoneInterface.uasset" 408
"../../../FinalProject/Content/FirstPersonBP/Blueprints/PlayerInteractionInterface.uasset" 409
"../../../FinalProject/Content/FirstPersonBP/Blueprints/textInterface.uasset" 410
"../../../Engine/Content/BasicShapes/BasicShapeMaterial.uasset" 411
"../../../FinalProject/Content/Geometry/ChatLogs/BirthdayMessage__1_.uasset" 412
"../../../FinalProject/Content/Geometry/ChatLogs/birthdayLog.uasset" 413
"../../../FinalProject/Content/Geometry/ChatLogs/Chatlog5.uasset" 414
"../../../FinalProject/Content/Geometry/ChatLogs/chatLogFive.uasset" 415
"../../../FinalProject/Content/Geometry/ChatLogs/Chatlog4.uasset" 416
"../../../FinalProject/Content/Geometry/ChatLogs/chatLogFour.uasset" 417
"../../../FinalProject/Content/Geometry/ChatLogs/Chatlog1_1.uasset" 418
"../../../FinalProject/Content/Geometry/ChatLogs/chatLogOne.uasset" 419
"../../../FinalProject/Content/Geometry/ChatLogs/Chatlog6.uasset" 420
"../../../FinalProject/Content/Geometry/ChatLogs/chatLogSix.uasset" 421
"../../../FinalProject/Content/Geometry/ChatLogs/Chatlog3.uasset" 422
"../../../FinalProject/Content/Geometry/ChatLogs/chatLogThree.uasset" 423
"../../../FinalProject/Content/Geometry/ChatLogs/Chatlog2.uasset" 424
"../../../FinalProject/Content/Geometry/ChatLogs/chatLogTwo.uasset" 425
"../../../FinalProject/Content/Geometry/ChatLogs/NewsMessage__1_.uasset" 426
"../../../FinalProject/Content/Geometry/ChatLogs/newsLog.uasset" 427
"../../../FinalProject/Content/Geometry/Meshes/CellphoneThings/PhoneMaterial2.uasset" 428
"../../../FinalProject/Content/Geometry/Meshes/PhoneMaterial1.uasset" 429
"../../../FinalProject/Content/Geometry/Meshes/PhoneMaterial2.uasset" 430
"../../../FinalProject/Content/Maps/glow.uasset" 431
"../../../FinalProject/Content/Maps/glow_Inst.uasset" 432
"../../../Engine/Content/BasicShapes/Cube.uasset" 433
"../../../FinalProject/Content/FirstPersonBP/Blueprints/phoneModel_Blueprint.uasset" 434
"../../../FinalProject/Content/FirstPersonBP/Blueprints/Phone/phone_Blueprint.uasset" 435
"../../../FinalProject/Content/FirstPersonBP/Blueprints/paperInterface.uasset" 436
"../../../FinalProject/Content/Transition1.uasset" 437
"../../../FinalProject/Content/Transition2.uasset" 438
"../../../FinalProject/Content/Transition3.uasset" 439
"../../../FinalProject/Content/Transition4.uasset" 440
"../../../FinalProject/Content/Transition5.uasset" 441
"../../../FinalProject/Content/FirstPersonBP/Blueprints/transitionManager_Blueprint.uasset" 442
"../../../FinalProject/Content/Sounds/Notification4.uasset" 443
"../../../FinalProject/Content/Sounds/PaperShredder.uasset" 444
"../../../FinalProject/Content/FirstPersonBP/Blueprints/shredder_Blueprint.uasset" 445
"../../../FinalProject/Content/FirstPerson/Meshes/BaseMaterial.uasset" 446
"../../../FinalProject/Content/Geometry/Meshes/CakeThings/CakeFlowersMaterial.uasset" 447
"../../../FinalProject/Content/Geometry/Meshes/CakeFlowersMaterial.uasset" 448
"../../../FinalProject/Content/Geometry/Meshes/CakeLeavesMaterial.uasset" 449
"../../../FinalProject/Content/Geometry/Meshes/CakeMainMaterial.uasset" 450
"../../../FinalProject/Content/Geometry/Meshes/CakePlateMaterial.uasset" 451
"../../../FinalProject/Content/Geometry/Meshes/CakeYellowIcingMaterial.uasset" 452
"../../../FinalProject/Content/Geometry/Meshes/Cake.uasset" 453
"../../../FinalProject/Content/Sounds/Cough1.uasset" 454
"../../../FinalProject/Content/Sounds/Notification3.uasset" 455
"../../../FinalProject/Content/Sounds/Notification5.uasset" 456
"../../../FinalProject/Content/cakeInteractable_Blueprint.uasset" 457
"../../../FinalProject/Content/FirstPerson/Textures/FirstPersonCrosshair.uasset" 458
"../../../FinalProject/Content/FirstPersonBP/Blueprints/FirstPersonHUD.uasset" 459
"../../../Engine/Content/BasicShapes/Sphere.uasset" 460
"../../../FinalProject/Content/icing_Blueprint.uasset" 461
"../../../FinalProject/Content/FirstPersonBP/Blueprints/FirstPersonCharacter.uasset" 462
"../../../Engine/Content/BasicShapes/Cylinder.uasset" 463
"../../../FinalProject/Content/Sounds/Notification2.uasset" 464
"../../../FinalProject/Content/FirstPersonBP/Blueprints/beakerCollision_Blueprint.uasset" 465
"../../../Engine/Content/EngineSky/C_Sky_Cloud_Color.uasset" 466
"../../../Engine/Content/EngineSky/C_Sky_Horizon_Color.uasset" 467
"../../../Engine/Content/EngineSky/C_Sky_Zenith_Color.uasset" 468
"../../../Engine/Content/EngineSky/T_Sky_Blue.uasset" 469
"../../../Engine/Content/EngineSky/T_Sky_Clouds_M.uasset" 470
"../../../Engine/Content/EngineSky/T_Sky_Stars.uasset" 471
"../../../Engine/Content/EngineSky/M_Sky_Panning_Clouds2.uasset" 472
"../../../Engine/Content/EngineSky/SM_SkySphere.uasset" 473
"../../../Engine/Content/EngineSky/BP_Sky_Sphere.uasset" 474
"../../../FinalProject/Content/FirstPersonBP/Blueprints/thermoInterface.uasset" 475
"../../../FinalProject/Content/Geometry/Meshes/ButtonRedMaterial.uasset" 476
"../../../FinalProject/Content/Sounds/ButtonPress.uasset" 477
"../../../FinalProject/Content/Sounds/Notification.uasset" 478
"../../../FinalProject/Content/FirstPersonBP/Blueprints/Button_Blueprint.uasset" 479
"../../../FinalProject/Content/FirstPersonBP/Blueprints/FirstPersonGameMode.uasset" 480
"../../../FinalProject/Content/FirstPersonBP/Blueprints/paper_Blueprint.uasset" 481
"../../../FinalProject/Content/FirstPersonBP/Blueprints/tablet_Blueprint.uasset" 482
"../../../FinalProject/Content/Geometry/Meshes/ScienceMaterial1.uasset" 483
"../../../FinalProject/Content/FirstPersonBP/Blueprints/theManual_Blueprint.uasset" 484
"../../../FinalProject/Content/FirstPersonBP/Blueprints/Thermometer_Blueprint.uasset" 485
"../../../FinalProject/Content/FirstPersonBP/Maps/MainMenu.uasset" 486
"../../../Engine/Content/EngineMaterials/AntiAliasedTextMaterialTranslucent.uasset" 487
"../../../FinalProject/Content/Geometry/Instructions/Button.uasset" 488
"../../../FinalProject/Content/Geometry/Instructions/Button_Mat.uasset" 489
"../../../FinalProject/Content/Geometry/Instructions/cake.uasset" 490
"../../../FinalProject/Content/Geometry/Instructions/cake_Mat.uasset" 491
"../../../FinalProject/Content/Geometry/Instructions/Shredder.uasset" 492
"../../../FinalProject/Content/Geometry/Instructions/Shredder_Mat.uasset" 493
"../../../FinalProject/Content/Geometry/Instructions/tablets.uasset" 494
"../../../FinalProject/Content/Geometry/Instructions/tablets_Mat.uasset" 495
"../../../FinalProject/Content/Geometry/Meshes/BeakerGlassMaterial.uasset" 496
"../../../FinalProject/Content/Geometry/Meshes/ComputerMonitorMaterial.uasset" 497
"../../../FinalProject/Content/Geometry/Meshes/KeyboardMouseMaterial.uasset" 498
"../../../FinalProject/Content/Geometry/Meshes/PCMaterial1.uasset" 499
"../../../FinalProject/Content/Geometry/Meshes/ScienceMaterial2.uasset" 500
"../../../FinalProject/Content/Geometry/Meshes/ThermometerGlassMaterial.uasset" 501
"../../../FinalProject/Content/Geometry/Textures/blueFloor.uasset" 502
"../../../FinalProject/Content/Geometry/Textures/blueFloor_Mat.uasset" 503
"../../../FinalProject/Content/Geometry/Textures/ceiling.uasset" 504
"../../../FinalProject/Content/Geometry/Textures/ceiling_Mat.uasset" 505
"../../../FinalProject/Content/Geometry/Textures/greenFloor.uasset" 506
"../../../FinalProject/Content/Geometry/Textures/greenFloor_Mat.uasset" 507
"../../../FinalProject/Content/Geometry/Textures/orangeFloor.uasset" 508
"../../../FinalProject/Content/Geometry/Textures/orangeFloor_Mat.uasset" 509
"../../../FinalProject/Content/Geometry/Textures/pinkFloor.uasset" 510
"../../../FinalProject/Content/Geometry/Textures/pinkFloor_Mat.uasset" 511
"../../../FinalProject/Content/Geometry/Textures/purpleFloor.uasset" 512
"../../../FinalProject/Content/Geometry/Textures/purpleFloor_Mat.uasset" 513
"../../../FinalProject/Content/Geometry/walls/PurpleGradientBackground.uasset" 514
"../../../FinalProject/Content/Geometry/walls/wall_Mat.uasset" 515
"../../../FinalProject/Content/FirstPerson/Meshes/CubeMaterialOverride.uasset" 516
"../../../FinalProject/Content/FirstPersonBP/Blueprints/dog.uasset" 517
"../../../FinalProject/Content/FirstPersonBP/Blueprints/phoneText.uasset" 518
"../../../FinalProject/Content/FirstPersonBP/Blueprints/phoneText_Inst.uasset" 519
"../../../Engine/Content/BasicShapes/Cone.uasset" 520
"../../../Engine/Content/BasicShapes/Plane.uasset" 521
"../../../FinalProject/Content/Geometry/Meshes/CubeMaterial.uasset" 522
"../../../FinalProject/Content/Geometry/Meshes/1M_Cube.uasset" 523
"../../../FinalProject/Content/Geometry/Meshes/Beaker.uasset" 524
"../../../FinalProject/Content/Geometry/Meshes/ButtonMaterial1.uasset" 525
"../../../FinalProject/Content/Geometry/Meshes/ButtonMaterial2.uasset" 526
"../../../FinalProject/Content/Geometry/Meshes/ShredderMaterial1.uasset" 527
"../../../FinalProject/Content/Geometry/Meshes/Button.uasset" 528
"../../../FinalProject/Content/Geometry/Meshes/Cellphone.uasset" 529
"../../../FinalProject/Content/Geometry/Meshes/ComputerScreenMaterial.uasset" 530
"../../../FinalProject/Content/Geometry/Meshes/ComputerMonitor.uasset" 531
"../../../FinalProject/Content/Geometry/Meshes/Keyboard.uasset" 532
"../../../FinalProject/Content/Geometry/Meshes/PCMaterial2.uasset" 533
"../../../FinalProject/Content/Geometry/Meshes/PCMaterial3.uasset" 534
"../../../FinalProject/Content/Geometry/Meshes/PC.uasset" 535
"../../../FinalProject/Content/Geometry/Meshes/ShredderButtonsMaterial.uasset" 536
"../../../FinalProject/Content/Geometry/Meshes/ShredderMainMaterial.uasset" 537
"../../../FinalProject/Content/Geometry/Meshes/Shredder.uasset" 538
"../../../FinalProject/Content/Geometry/Meshes/ScienceMaterial3.uasset" 539
"../../../FinalProject/Content/Geometry/Meshes/TestTubeRackMaterial.uasset" 540
"../../../FinalProject/Content/Geometry/Meshes/TestTubeRackTubeMaterial.uasset" 541
"../../../FinalProject/Content/Geometry/Meshes/TestTubeRack.uasset" 542
"../../../FinalProject/Content/Geometry/Meshes/thermometermain_baseColor.uasset" 543
"../../../FinalProject/Content/Geometry/Meshes/ThermometerBaseMaterial.uasset" 544
"../../../FinalProject/Content/Geometry/Meshes/Thermometer.uasset" 545
"../../../FinalProject/Content/Sounds/Amorphous_Groove_-_FM_Rhodes.uasset" 546
"../../../FinalProject/Content/Sounds/Amorphous_Groove_-_FM_Rhodes_Cue.uasset" 547
"../../../FinalProject/Content/Sounds/Amorphous_Groove_-_Piano.uasset" 548
"../../../FinalProject/Content/Sounds/Amorphous_Groove_-_Piano_Cue.uasset" 549
"../../../FinalProject/Content/Sounds/Amorphous_Groove_-_Synth1.uasset" 550
"../../../FinalProject/Content/Sounds/Amorphous_Groove_-_Synth1_Cue.uasset" 551
"../../../FinalProject/Content/Sounds/Amorphous_Groove_-_Synth1_Cue_2.uasset" 552
"../../../FinalProject/Content/Sounds/sad_happy_birthday.uasset" 553
"../../../FinalProject/Content/Sounds/sad_happy_birthday_Cue.uasset" 554
"../../../FinalProject/Content/Sounds/TitleTheme.uasset" 555
"../../../FinalProject/Content/Sounds/TitleTheme_Cue.uasset" 556
"../../../FinalProject/Content/StarterContent/Materials/M_Basic_Wall.uasset" 557
"../../../FinalProject/Content/StarterContent/Shapes/Shape_Cylinder.uasset" 558
"../../../FinalProject/Content/FirstPersonBP/Maps/AllLevels.umap" 559
"../../../FinalProject/Content/Geometry/Meshes/ButtonPress_Skeleton.uasset" 560
"../../../FinalProject/Content/Geometry/Meshes/ButtonPress_Anim.uasset" 561
"../../../FinalProject/Content/Geometry/Meshes/DeskFan_pCylinder73_Skeleton.uasset" 562
"../../../FinalProject/Content/Geometry/Meshes/DeskFan_pCylinder73_Anim.uasset" 563
"../../../FinalProject/Content/Geometry/Meshes/DeskFan_pSphere8_Skeleton.uasset" 564
"../../../FinalProject/Content/Geometry/Meshes/DeskFan_pSphere8_Anim.uasset" 565
"../../../FinalProject/Content/Geometry/Meshes/DrinkingBird_pCylinder16_Skeleton.uasset" 566
"../../../FinalProject/Content/Geometry/Meshes/DrinkingBird_pCylinder16_Anim.uasset" 567
"../../../FinalProject/Content/Geometry/Meshes/DrinkingBird_pCylinder17_Skeleton.uasset" 568
"../../../FinalProject/Content/Geometry/Meshes/DrinkingBird_pCylinder17_Anim.uasset" 569
"../../../FinalProject/Content/Geometry/Meshes/newtonscradle_polySurface26_Skeleton.uasset" 570
"../../../FinalProject/Content/Geometry/Meshes/newtonscradle_polySurface26_Anim.uasset" 571
"../../../FinalProject/Content/Geometry/Meshes/newtonscradle_polySurface28_Skeleton.uasset" 572
"../../../FinalProject/Content/Geometry/Meshes/newtonscradle_polySurface28_Anim.uasset" 573
"../../../FinalProject/Content/Geometry/Meshes/newtonscradle_polySurface31_Skeleton.uasset" 574
"../../../FinalProject/Content/Geometry/Meshes/newtonscradle_polySurface31_Anim.uasset" 575
"../../../FinalProject/Content/Geometry/Meshes/ShredderAnimation_pCube1_Skeleton.uasset" 576
"../../../FinalProject/Content/Geometry/Meshes/ShredderAnimation_pCube1_Anim.uasset" 577
"../../../FinalProject/Content/Geometry/Meshes/ShredderAnimation_pCylinder6_Skeleton.uasset" 578
"../../../FinalProject/Content/Geometry/Meshes/ShredderAnimation_pCylinder6_Anim.uasset" 579
"../../../FinalProject/Content/Geometry/Meshes/Paper1_fbm/important.uasset" 580
"../../../FinalProject/Content/Geometry/Meshes/Paper1_fbm/Paper2Material.uasset" 581
"../../../FinalProject/Content/Geometry/Meshes/ShredderPanelMaterial.uasset" 582
"../../../FinalProject/Content/Geometry/Meshes/blinn1.uasset" 583
"../../../FinalProject/Content/Geometry/Meshes/blinn2.uasset" 584
"../../../FinalProject/Content/Geometry/Meshes/ButtonThings/ButtonRedMaterial.uasset" 585
"../../../FinalProject/Content/Geometry/Meshes/lambert1.uasset" 586
"../../../FinalProject/Content/Geometry/Meshes/ButtonPress_PhysicsAsset.uasset" 587
"../../../FinalProject/Content/Geometry/Meshes/ButtonPress.uasset" 588
"../../../FinalProject/Content/Geometry/Meshes/CoffeeMaterial.uasset" 589
"../../../FinalProject/Content/Geometry/Meshes/MugMaterial.uasset" 590
"../../../FinalProject/Content/Geometry/Meshes/CoffeeMug.uasset" 591
"../../../FinalProject/Content/Geometry/Meshes/FanBladeMaterial.uasset" 592
"../../../FinalProject/Content/Geometry/Meshes/FanMetalMaterial.uasset" 593
"../../../FinalProject/Content/Geometry/Meshes/FanScrewMaterial.uasset" 594
"../../../FinalProject/Content/Geometry/Meshes/DeskFan_pCylinder73_PhysicsAsset.uasset" 595
"../../../FinalProject/Content/Geometry/Meshes/DeskFan_pSphere8_PhysicsAsset.uasset" 596
"../../../FinalProject/Content/Geometry/Meshes/DeskFan.uasset" 597
"../../../FinalProject/Content/Geometry/Meshes/DrinkingBirdCupMaterial.uasset" 598
"../../../FinalProject/Content/Geometry/Meshes/DrinkingBirdFeatherMaterial.uasset" 599
"../../../FinalProject/Content/Geometry/Meshes/DrinkingBirdHatMaterial.uasset" 600
"../../../FinalProject/Content/Geometry/Meshes/DrinkingBirdRedMaterial.uasset" 601
"../../../FinalProject/Content/Geometry/Meshes/DrinkingBirdWhiteMaterial.uasset" 602
"../../../FinalProject/Content/Geometry/Meshes/DrinkingBird_pCylinder16_PhysicsAsset.uasset" 603
"../../../FinalProject/Content/Geometry/Meshes/DrinkingBird_pCylinder17_PhysicsAsset.uasset" 604
"../../../FinalProject/Content/Geometry/Meshes/DrinkingBird.uasset" 605
"../../../FinalProject/Content/Geometry/Meshes/NewtonsCradleBallMaterial.uasset" 606
"../../../FinalProject/Content/Geometry/Meshes/NewtonsCradleBarMaterial.uasset" 607
"../../../FinalProject/Content/Geometry/Meshes/NewtonsCradleBaseMaterial.uasset" 608
"../../../FinalProject/Content/Geometry/Meshes/newtonscradle_polySurface26_PhysicsAsset.uasset" 609
"../../../FinalProject/Content/Geometry/Meshes/newtonscradle_polySurface28_PhysicsAsset.uasset" 610
"../../../FinalProject/Content/Geometry/Meshes/newtonscradle_polySurface31_PhysicsAsset.uasset" 611
"../../../FinalProject/Content/Geometry/Meshes/newtonscradle.uasset" 612
"../../../FinalProject/Content/Geometry/Meshes/PaperMaterial.uasset" 613
"../../../FinalProject/Content/Geometry/Meshes/Paper1.uasset" 614
"../../../FinalProject/Content/Geometry/Meshes/PenHolderBluePenMaterial.uasset" 615
"../../../FinalProject/Content/Geometry/Meshes/PenHolderCupMaterial.uasset" 616
"../../../FinalProject/Content/Geometry/Meshes/PenHolderMarkerCapMaterial.uasset" 617
"../../../FinalProject/Content/Geometry/Meshes/PenHolderMarkerMaterial.uasset" 618
"../../../FinalProject/Content/Geometry/Meshes/PenHolderPenGripMaterial.uasset" 619
"../../../FinalProject/Content/Geometry/Meshes/PenHolderPenMetalMaterial.uasset" 620
"../../../FinalProject/Content/Geometry/Meshes/PenHolderPurplePenMaterial.uasset" 621
"../../../FinalProject/Content/Geometry/Meshes/PenHolder.uasset" 622
"../../../FinalProject/Content/Geometry/Meshes/buttons.uasset" 623
"../../../FinalProject/Content/Geometry/Meshes/main.uasset" 624
"../../../FinalProject/Content/Geometry/Meshes/ShredderAnimation_pCylinder6_PhysicsAsset.uasset" 625
"../../../FinalProject/Content/Geometry/Meshes/ShredderAnimation.uasset" 626
"../../../FinalProject/Content/FirstPersonBP/Maps/FirstPersonExampleMap.umap" 627
